  [4;36;1mBookinfo Columns (0.001000)[0m   [0;1mSHOW FIELDS FROM bookinfos[0m


Processing AdminController#index (for 127.0.0.1 at 2006-05-27 21:28:14) [GET]
  Session ID: 0d13879eb79a57046e5c37cd0aae7b98
  Parameters: {"action"=>"index", "controller"=>"admin"}
  [4;36;1mBookinfo Columns (0.000000)[0m   [0;1mSHOW FIELDS FROM bookinfos[0m
  [4;35;1mSQL (0.001000)[0m   [0mSELECT count(*) AS count_all FROM bookinfos [0m
  [4;36;1mBookinfo Load (0.001000)[0m   [0;1mSELECT * FROM bookinfos LIMIT 0, 10[0m
Rendering layoutfalseactionlist within layouts/admin
Rendering admin/list
Completed in 0.07000 (14 reqs/sec) | Rendering: 0.00800 (11%) | DB: 0.00200 (2%) | 200 OK [http://localhost/admin/]


Processing AdminController#new (for 127.0.0.1 at 2006-05-27 21:28:27) [GET]
  Session ID: 0d13879eb79a57046e5c37cd0aae7b98
  Parameters: {"action"=>"new", "controller"=>"admin"}
  [4;35;1mBookinfo Columns (0.001000)[0m   [0mSHOW FIELDS FROM bookinfos[0m
Rendering  within layouts/admin
Rendering admin/new
Rendered admin/_form (0.00500)
Completed in 0.01600 (62 reqs/sec) | Rendering: 0.00900 (56%) | DB: 0.00100 (6%) | 200 OK [http://localhost/admin/new]


Processing AdminController#create (for 127.0.0.1 at 2006-05-27 21:28:42) [POST]
  Session ID: 0d13879eb79a57046e5c37cd0aae7b98
  Parameters: {"commit"=>"Create", "action"=>"create", "bookinfo"=>{"ISBN"=>"123", "price"=>"1000", "title"=>"Title Title", "publisher"=>"masui publishing", "authors"=>"masui", "imageurl"=>"-"}, "controller"=>"admin"}
  [4;36;1mBookinfo Columns (0.001000)[0m   [0;1mSHOW FIELDS FROM bookinfos[0m
  [4;35;1mSQL (0.000000)[0m   [0mBEGIN[0m
  [4;36;1mSQL (0.001000)[0m   [0;1mINSERT INTO bookinfos (`ISBN`, `price`, `title`, `publisher`, `authors`, `imageurl`) VALUES('123', 1000, 'Title Title', 'masui publishing', 'masui', '-')[0m
  [4;35;1mSQL (0.000000)[0m   [0mCOMMIT[0m
Redirected to http://localhost:3000/admin/list
Completed in 0.01200 (83 reqs/sec) | DB: 0.00200 (16%) | 302 Found [http://localhost/admin/create]


Processing AdminController#list (for 127.0.0.1 at 2006-05-27 21:28:42) [GET]
  Session ID: 0d13879eb79a57046e5c37cd0aae7b98
  Parameters: {"action"=>"list", "controller"=>"admin"}
  [4;36;1mBookinfo Columns (0.001000)[0m   [0;1mSHOW FIELDS FROM bookinfos[0m
  [4;35;1mSQL (0.001000)[0m   [0mSELECT count(*) AS count_all FROM bookinfos [0m
  [4;36;1mBookinfo Load (0.000000)[0m   [0;1mSELECT * FROM bookinfos LIMIT 0, 10[0m
Rendering  within layouts/admin
Rendering admin/list
Completed in 0.01300 (76 reqs/sec) | Rendering: 0.00400 (30%) | DB: 0.00200 (15%) | 200 OK [http://localhost/admin/list]


Processing AdminController#edit (for 127.0.0.1 at 2006-05-27 21:28:49) [GET]
  Session ID: 0d13879eb79a57046e5c37cd0aae7b98
  Parameters: {"action"=>"edit", "controller"=>"admin"}


ActiveRecord::RecordNotFound (Couldn't find Bookinfo without an ID):
    /usr/local/lib/ruby/gems/1.8/gems/activerecord-1.14.2/lib/active_record/base.rb:939:in `find_from_ids'
    /usr/local/lib/ruby/gems/1.8/gems/activerecord-1.14.2/lib/active_record/base.rb:382:in `find'
    /app/controllers/admin_controller.rb:34:in `edit'
    /usr/local/lib/ruby/gems/1.8/gems/actionpack-1.12.1/lib/action_controller/base.rb:910:in `send'
    /usr/local/lib/ruby/gems/1.8/gems/actionpack-1.12.1/lib/action_controller/base.rb:910:in `perform_action_without_filters'
    /usr/local/lib/ruby/gems/1.8/gems/actionpack-1.12.1/lib/action_controller/filters.rb:368:in `perform_action_without_benchmark'
    /usr/local/lib/ruby/gems/1.8/gems/actionpack-1.12.1/lib/action_controller/benchmarking.rb:69:in `perform_action_without_rescue'
    /usr/local/lib/ruby/gems/1.8/gems/actionpack-1.12.1/lib/action_controller/benchmarking.rb:69:in `measure'
    /usr/local/lib/ruby/gems/1.8/gems/actionpack-1.12.1/lib/action_controller/benchmarking.rb:69:in `perform_action_without_rescue'
    /usr/local/lib/ruby/gems/1.8/gems/actionpack-1.12.1/lib/action_controller/rescue.rb:82:in `perform_action'
    /usr/local/lib/ruby/gems/1.8/gems/actionpack-1.12.1/lib/action_controller/base.rb:381:in `send'
    /usr/local/lib/ruby/gems/1.8/gems/actionpack-1.12.1/lib/action_controller/base.rb:381:in `process_without_filters'
    /usr/local/lib/ruby/gems/1.8/gems/actionpack-1.12.1/lib/action_controller/filters.rb:377:in `process_without_session_management_support'
    /usr/local/lib/ruby/gems/1.8/gems/actionpack-1.12.1/lib/action_controller/session_management.rb:117:in `process'
    /usr/local/lib/ruby/gems/1.8/gems/rails-1.1.2/lib/dispatcher.rb:38:in `dispatch'
    /usr/local/lib/ruby/gems/1.8/gems/rails-1.1.2/lib/webrick_server.rb:115:in `handle_dispatch'
    /usr/local/lib/ruby/gems/1.8/gems/rails-1.1.2/lib/webrick_server.rb:81:in `service'
    /usr/local/lib/ruby/1.8/webrick/httpserver.rb:104:in `service'
    /usr/local/lib/ruby/1.8/webrick/httpserver.rb:65:in `run'
    /usr/local/lib/ruby/1.8/webrick/server.rb:155:in `start_thread'
    /usr/local/lib/ruby/1.8/webrick/server.rb:144:in `start'
    /usr/local/lib/ruby/1.8/webrick/server.rb:144:in `start_thread'
    /usr/local/lib/ruby/1.8/webrick/server.rb:94:in `start'
    /usr/local/lib/ruby/1.8/webrick/server.rb:89:in `each'
    /usr/local/lib/ruby/1.8/webrick/server.rb:89:in `start'
    /usr/local/lib/ruby/1.8/webrick/server.rb:79:in `start'
    /usr/local/lib/ruby/1.8/webrick/server.rb:79:in `start'
    /usr/local/lib/ruby/gems/1.8/gems/rails-1.1.2/lib/webrick_server.rb:67:in `dispatch'
    /usr/local/lib/ruby/gems/1.8/gems/rails-1.1.2/lib/commands/servers/webrick.rb:59
    /usr/local/lib/ruby/site_ruby/1.8/rubygems/custom_require.rb:21:in `require__'
    /usr/local/lib/ruby/site_ruby/1.8/rubygems/custom_require.rb:21:in `require'
    /usr/local/lib/ruby/gems/1.8/gems/activesupport-1.3.1/lib/active_support/dependencies.rb:147:in `require'
    /usr/local/lib/ruby/gems/1.8/gems/rails-1.1.2/lib/commands/server.rb:30
    /usr/local/lib/ruby/site_ruby/1.8/rubygems/custom_require.rb:21:in `require__'
    /usr/local/lib/ruby/site_ruby/1.8/rubygems/custom_require.rb:21:in `require'
    /usr/local/lib/ruby/gems/1.8/gems/activesupport-1.3.1/lib/active_support/dependencies.rb:147:in `require'
    script/server:3


Rendering /usr/local/lib/ruby/gems/1.8/gems/actionpack-1.12.1/lib/action_controller/templates/rescues/layout.rhtml (500 Internal Error)
  [4;36;1mBookinfo Columns (0.001000)[0m   [0;1mSHOW FIELDS FROM bookinfos[0m


Processing AdminController#index (for 127.0.0.1 at 2006-05-27 21:30:58) [GET]
  Session ID: 0d13879eb79a57046e5c37cd0aae7b98
  Parameters: {"action"=>"index", "controller"=>"admin"}
  [4;36;1mBookinfo Columns (0.001000)[0m   [0;1mSHOW FIELDS FROM bookinfos[0m
  [4;35;1mSQL (0.000000)[0m   [0mSELECT count(*) AS count_all FROM bookinfos [0m
  [4;36;1mBookinfo Load (0.000000)[0m   [0;1mSELECT * FROM bookinfos LIMIT 0, 10[0m
Rendering layoutfalseactionlist within layouts/admin
Rendering admin/list
Completed in 0.07000 (14 reqs/sec) | Rendering: 0.00700 (9%) | DB: 0.00100 (1%) | 200 OK [http://localhost/admin/]


Processing AdminController#new (for 127.0.0.1 at 2006-05-27 21:31:00) [GET]
  Session ID: 0d13879eb79a57046e5c37cd0aae7b98
  Parameters: {"action"=>"new", "controller"=>"admin"}
  [4;35;1mBookinfo Columns (0.001000)[0m   [0mSHOW FIELDS FROM bookinfos[0m
Rendering  within layouts/admin
Rendering admin/new
Rendered admin/_form (0.00500)
Completed in 0.01700 (58 reqs/sec) | Rendering: 0.00900 (52%) | DB: 0.00100 (5%) | 200 OK [http://localhost/admin/new]


Processing AdminController#create (for 127.0.0.1 at 2006-05-27 21:31:15) [POST]
  Session ID: 0d13879eb79a57046e5c37cd0aae7b98
  Parameters: {"commit"=>"Create", "action"=>"create", "bookinfo"=>{"ISBN"=>"123", "price"=>"1000", "title"=>"Masui's title", "publisher"=>"Masui publishing", "authors"=>"masui", "imageurl"=>"-"}, "controller"=>"admin"}
  [4;36;1mBookinfo Columns (0.000000)[0m   [0;1mSHOW FIELDS FROM bookinfos[0m
  [4;35;1mSQL (0.000000)[0m   [0mBEGIN[0m
  [4;36;1mSQL (0.001000)[0m   [0;1mINSERT INTO bookinfos (`ISBN`, `price`, `title`, `publisher`, `authors`, `imageurl`) VALUES('123', 1000, 'Masui\'s title', 'Masui publishing', 'masui', '-')[0m
  [4;35;1mSQL (0.001000)[0m   [0mCOMMIT[0m
Redirected to http://localhost:3000/admin/list
Completed in 0.01100 (90 reqs/sec) | DB: 0.00200 (18%) | 302 Found [http://localhost/admin/create]


Processing AdminController#list (for 127.0.0.1 at 2006-05-27 21:31:15) [GET]
  Session ID: 0d13879eb79a57046e5c37cd0aae7b98
  Parameters: {"action"=>"list", "controller"=>"admin"}
  [4;36;1mBookinfo Columns (0.001000)[0m   [0;1mSHOW FIELDS FROM bookinfos[0m
  [4;35;1mSQL (0.001000)[0m   [0mSELECT count(*) AS count_all FROM bookinfos [0m
  [4;36;1mBookinfo Load (0.001000)[0m   [0;1mSELECT * FROM bookinfos LIMIT 0, 10[0m
Rendering  within layouts/admin
Rendering admin/list
Completed in 0.01200 (83 reqs/sec) | Rendering: 0.00500 (41%) | DB: 0.00300 (25%) | 200 OK [http://localhost/admin/list]


Processing AdminController#edit (for 127.0.0.1 at 2006-05-27 21:31:18) [GET]
  Session ID: 0d13879eb79a57046e5c37cd0aae7b98
  Parameters: {"action"=>"edit", "id"=>"0", "controller"=>"admin"}
  [4;35;1mBookinfo Load (0.015000)[0m   [0mSELECT * FROM bookinfos WHERE (bookinfos.id = '0') LIMIT 1[0m
Rendering  within layouts/admin
Rendering admin/edit
  [4;36;1mBookinfo Columns (0.000000)[0m   [0;1mSHOW FIELDS FROM bookinfos[0m
Rendered admin/_form (0.00200)
Completed in 0.03100 (32 reqs/sec) | Rendering: 0.00900 (29%) | DB: 0.01500 (48%) | 200 OK [http://localhost/admin/edit/0]


Processing AdminController#show (for 127.0.0.1 at 2006-05-27 21:31:24) [GET]
  Session ID: 0d13879eb79a57046e5c37cd0aae7b98
  Parameters: {"action"=>"show", "id"=>"0", "controller"=>"admin"}
  [4;35;1mBookinfo Load (0.001000)[0m   [0mSELECT * FROM bookinfos WHERE (bookinfos.id = '0') LIMIT 1[0m
Rendering  within layouts/admin
Rendering admin/show
  [4;36;1mBookinfo Columns (0.001000)[0m   [0;1mSHOW FIELDS FROM bookinfos[0m
Completed in 0.01200 (83 reqs/sec) | Rendering: 0.00600 (50%) | DB: 0.00200 (16%) | 200 OK [http://localhost/admin/show/0]


Processing AdminController#edit (for 127.0.0.1 at 2006-05-27 21:31:32) [GET]
  Session ID: 0d13879eb79a57046e5c37cd0aae7b98
  Parameters: {"action"=>"edit", "id"=>"0", "controller"=>"admin"}
  [4;35;1mBookinfo Load (0.001000)[0m   [0mSELECT * FROM bookinfos WHERE (bookinfos.id = '0') LIMIT 1[0m
Rendering  within layouts/admin
Rendering admin/edit
  [4;36;1mBookinfo Columns (0.001000)[0m   [0;1mSHOW FIELDS FROM bookinfos[0m
Rendered admin/_form (0.00200)
Completed in 0.09100 (10 reqs/sec) | Rendering: 0.08500 (93%) | DB: 0.00200 (2%) | 200 OK [http://localhost/admin/edit/0]


Processing AdminController#edit (for 127.0.0.1 at 2006-05-27 21:31:53) [GET]
  Session ID: 0d13879eb79a57046e5c37cd0aae7b98
  Parameters: {"action"=>"edit", "id"=>"0", "controller"=>"admin"}
  [4;35;1mBookinfo Load (0.001000)[0m   [0mSELECT * FROM bookinfos WHERE (bookinfos.id = '0') LIMIT 1[0m
Rendering  within layouts/admin
Rendering admin/edit
  [4;36;1mBookinfo Columns (0.000000)[0m   [0;1mSHOW FIELDS FROM bookinfos[0m
Rendered admin/_form (0.00200)
Completed in 0.01400 (71 reqs/sec) | Rendering: 0.00800 (57%) | DB: 0.00100 (7%) | 200 OK [http://localhost/admin/edit/0]


Processing AdminController#update (for 127.0.0.1 at 2006-05-27 21:32:04) [POST]
  Session ID: 0d13879eb79a57046e5c37cd0aae7b98
  Parameters: {"commit"=>"Edit", "action"=>"update", "bookinfo"=>{"ISBN"=>"123", "price"=>"1000", "title"=>"Masui's title", "publisher"=>"Masui publ", "authors"=>"masui", "imageurl"=>"-"}, "id"=>"0", "controller"=>"admin"}
  [4;35;1mBookinfo Load (0.001000)[0m   [0mSELECT * FROM bookinfos WHERE (bookinfos.id = '0') LIMIT 1[0m
  [4;36;1mBookinfo Columns (0.001000)[0m   [0;1mSHOW FIELDS FROM bookinfos[0m
  [4;35;1mSQL (0.000000)[0m   [0mBEGIN[0m
  [4;36;1mBookinfo Update (0.068000)[0m   [0;1mUPDATE bookinfos SET `title` = 'Masui\'s title', `ISBN` = '123', `publisher` = 'Masui publ', `imageurl` = '-', `price` = 1000, `authors` = 'masui' WHERE id = 0[0m
  [4;35;1mSQL (0.000000)[0m   [0mCOMMIT[0m
Redirected to http://localhost:3000/admin/show/0
Completed in 0.07900 (12 reqs/sec) | DB: 0.07000 (88%) | 302 Found [http://localhost/admin/update/0]


Processing AdminController#show (for 127.0.0.1 at 2006-05-27 21:32:04) [GET]
  Session ID: 0d13879eb79a57046e5c37cd0aae7b98
  Parameters: {"action"=>"show", "id"=>"0", "controller"=>"admin"}
  [4;36;1mBookinfo Load (0.001000)[0m   [0;1mSELECT * FROM bookinfos WHERE (bookinfos.id = '0') LIMIT 1[0m
Rendering  within layouts/admin
Rendering admin/show
  [4;35;1mBookinfo Columns (0.000000)[0m   [0mSHOW FIELDS FROM bookinfos[0m
Completed in 0.01100 (90 reqs/sec) | Rendering: 0.00600 (54%) | DB: 0.00100 (9%) | 200 OK [http://localhost/admin/show/0]


Processing AdminController#index (for 127.0.0.1 at 2006-05-27 21:44:43) [GET]
  Session ID: 0d13879eb79a57046e5c37cd0aae7b98
  Parameters: {"action"=>"index", "controller"=>"admin"}
  [4;36;1mBookinfo Columns (0.002000)[0m   [0;1mSHOW FIELDS FROM bookinfos[0m
  [4;35;1mSQL (0.000000)[0m   [0mSELECT count(*) AS count_all FROM bookinfos [0m
  [4;36;1mBookinfo Load (0.000000)[0m   [0;1mSELECT * FROM bookinfos LIMIT 0, 10[0m
Rendering layoutfalseactionlist within layouts/admin
Rendering admin/list
Completed in 0.07100 (14 reqs/sec) | Rendering: 0.00700 (9%) | DB: 0.00200 (2%) | 200 OK [http://localhost/admin/]


Processing AdminController#new (for 127.0.0.1 at 2006-05-27 21:44:45) [GET]
  Session ID: 0d13879eb79a57046e5c37cd0aae7b98
  Parameters: {"action"=>"new", "controller"=>"admin"}
  [4;35;1mBookinfo Columns (0.001000)[0m   [0mSHOW FIELDS FROM bookinfos[0m
Rendering  within layouts/admin
Rendering admin/new
Rendered admin/_form (0.00500)
Completed in 0.01500 (66 reqs/sec) | Rendering: 0.00900 (60%) | DB: 0.00100 (6%) | 200 OK [http://localhost/admin/new]


Processing AdminController#create (for 127.0.0.1 at 2006-05-27 21:45:06) [POST]
  Session ID: 0d13879eb79a57046e5c37cd0aae7b98
  Parameters: {"commit"=>"Create", "action"=>"create", "bookinfo"=>{"ISBN"=>"133", "price"=>"1000", "title"=>"New title", "publisher"=>"Masui Publishing", "authors"=>"\345\242\227\344\272\225", "imageurl"=>"x"}, "controller"=>"admin"}
  [4;36;1mBookinfo Columns (0.001000)[0m   [0;1mSHOW FIELDS FROM bookinfos[0m
  [4;35;1mSQL (0.000000)[0m   [0mBEGIN[0m
  [4;36;1mSQL (0.014000)[0m   [0;1mINSERT INTO bookinfos (`ISBN`, `price`, `title`, `publisher`, `authors`, `imageurl`) VALUES('133', 1000, 'New title', 'Masui Publishing', 'å¢—äº•', 'x')[0m
  [4;35;1mSQL (0.001000)[0m   [0mCOMMIT[0m
Redirected to http://localhost:3000/admin/list
Completed in 0.02600 (38 reqs/sec) | DB: 0.01600 (61%) | 302 Found [http://localhost/admin/create]


Processing AdminController#list (for 127.0.0.1 at 2006-05-27 21:45:06) [GET]
  Session ID: 0d13879eb79a57046e5c37cd0aae7b98
  Parameters: {"action"=>"list", "controller"=>"admin"}
  [4;36;1mBookinfo Columns (0.001000)[0m   [0;1mSHOW FIELDS FROM bookinfos[0m
  [4;35;1mSQL (0.001000)[0m   [0mSELECT count(*) AS count_all FROM bookinfos [0m
  [4;36;1mBookinfo Load (0.001000)[0m   [0;1mSELECT * FROM bookinfos LIMIT 0, 10[0m
Rendering  within layouts/admin
Rendering admin/list
Completed in 0.01300 (76 reqs/sec) | Rendering: 0.00500 (38%) | DB: 0.00300 (23%) | 200 OK [http://localhost/admin/list]


Processing AdminController#edit (for 127.0.0.1 at 2006-05-27 21:45:12) [GET]
  Session ID: 0d13879eb79a57046e5c37cd0aae7b98
  Parameters: {"action"=>"edit", "id"=>"0", "controller"=>"admin"}
  [4;35;1mBookinfo Load (0.003000)[0m   [0mSELECT * FROM bookinfos WHERE (bookinfos.id = '0') LIMIT 1[0m
Rendering  within layouts/admin
Rendering admin/edit
  [4;36;1mBookinfo Columns (0.001000)[0m   [0;1mSHOW FIELDS FROM bookinfos[0m
Rendered admin/_form (0.00200)
Completed in 0.01700 (58 reqs/sec) | Rendering: 0.00900 (52%) | DB: 0.00400 (23%) | 200 OK [http://localhost/admin/edit/0]


Processing AdminController#update (for 127.0.0.1 at 2006-05-27 21:45:18) [POST]
  Session ID: 0d13879eb79a57046e5c37cd0aae7b98
  Parameters: {"commit"=>"Edit", "action"=>"update", "bookinfo"=>{"ISBN"=>"133", "price"=>"1000", "title"=>"New title", "publisher"=>"Masui Publishing", "authors"=>"xxxx", "imageurl"=>"x"}, "id"=>"0", "controller"=>"admin"}
  [4;35;1mBookinfo Load (0.001000)[0m   [0mSELECT * FROM bookinfos WHERE (bookinfos.id = '0') LIMIT 1[0m
  [4;36;1mBookinfo Columns (0.001000)[0m   [0;1mSHOW FIELDS FROM bookinfos[0m
  [4;35;1mSQL (0.000000)[0m   [0mBEGIN[0m
  [4;36;1mBookinfo Update (0.001000)[0m   [0;1mUPDATE bookinfos SET `title` = 'New title', `ISBN` = '133', `publisher` = 'Masui Publishing', `imageurl` = 'x', `price` = 1000, `authors` = 'xxxx' WHERE id = 0[0m
  [4;35;1mSQL (0.001000)[0m   [0mCOMMIT[0m
Redirected to http://localhost:3000/admin/show/0
Completed in 0.01300 (76 reqs/sec) | DB: 0.00400 (30%) | 302 Found [http://localhost/admin/update/0]


Processing AdminController#show (for 127.0.0.1 at 2006-05-27 21:45:18) [GET]
  Session ID: 0d13879eb79a57046e5c37cd0aae7b98
  Parameters: {"action"=>"show", "id"=>"0", "controller"=>"admin"}
  [4;36;1mBookinfo Load (0.001000)[0m   [0;1mSELECT * FROM bookinfos WHERE (bookinfos.id = '0') LIMIT 1[0m
Rendering  within layouts/admin
Rendering admin/show
  [4;35;1mBookinfo Columns (0.000000)[0m   [0mSHOW FIELDS FROM bookinfos[0m
Completed in 0.01300 (76 reqs/sec) | Rendering: 0.00700 (53%) | DB: 0.00100 (7%) | 200 OK [http://localhost/admin/show/0]


Processing AdminController#list (for 127.0.0.1 at 2006-05-27 21:45:21) [GET]
  Session ID: 0d13879eb79a57046e5c37cd0aae7b98
  Parameters: {"action"=>"list", "controller"=>"admin"}
  [4;36;1mBookinfo Columns (0.001000)[0m   [0;1mSHOW FIELDS FROM bookinfos[0m
  [4;35;1mSQL (0.001000)[0m   [0mSELECT count(*) AS count_all FROM bookinfos [0m
  [4;36;1mBookinfo Load (0.001000)[0m   [0;1mSELECT * FROM bookinfos LIMIT 0, 10[0m
Rendering  within layouts/admin
Rendering admin/list
Completed in 0.01300 (76 reqs/sec) | Rendering: 0.00500 (38%) | DB: 0.00300 (23%) | 200 OK [http://localhost/admin/list]


Processing AdminController#edit (for 127.0.0.1 at 2006-05-27 21:45:23) [GET]
  Session ID: 0d13879eb79a57046e5c37cd0aae7b98
  Parameters: {"action"=>"edit", "id"=>"0", "controller"=>"admin"}
  [4;35;1mBookinfo Load (0.002000)[0m   [0mSELECT * FROM bookinfos WHERE (bookinfos.id = '0') LIMIT 1[0m
Rendering  within layouts/admin
Rendering admin/edit
  [4;36;1mBookinfo Columns (0.001000)[0m   [0;1mSHOW FIELDS FROM bookinfos[0m
Rendered admin/_form (0.00200)
Completed in 0.01300 (76 reqs/sec) | Rendering: 0.00700 (53%) | DB: 0.00300 (23%) | 200 OK [http://localhost/admin/edit/0]


Processing AdminController#update (for 127.0.0.1 at 2006-05-27 21:45:27) [POST]
  Session ID: 0d13879eb79a57046e5c37cd0aae7b98
  Parameters: {"commit"=>"Edit", "action"=>"update", "bookinfo"=>{"ISBN"=>"133", "price"=>"1000", "title"=>"New title", "publisher"=>"Masui Publishing", "authors"=>"xxxx", "imageurl"=>"x"}, "id"=>"0", "controller"=>"admin"}
  [4;35;1mBookinfo Load (0.001000)[0m   [0mSELECT * FROM bookinfos WHERE (bookinfos.id = '0') LIMIT 1[0m
  [4;36;1mBookinfo Columns (0.001000)[0m   [0;1mSHOW FIELDS FROM bookinfos[0m
  [4;35;1mSQL (0.000000)[0m   [0mBEGIN[0m
  [4;36;1mBookinfo Update (0.000000)[0m   [0;1mUPDATE bookinfos SET `title` = 'New title', `ISBN` = '133', `publisher` = 'Masui Publishing', `imageurl` = 'x', `price` = 1000, `authors` = 'xxxx' WHERE id = 0[0m
  [4;35;1mSQL (0.001000)[0m   [0mCOMMIT[0m
Redirected to http://localhost:3000/admin/show/0
Completed in 0.01300 (76 reqs/sec) | DB: 0.00300 (23%) | 302 Found [http://localhost/admin/update/0]


Processing AdminController#show (for 127.0.0.1 at 2006-05-27 21:45:27) [GET]
  Session ID: 0d13879eb79a57046e5c37cd0aae7b98
  Parameters: {"action"=>"show", "id"=>"0", "controller"=>"admin"}
  [4;36;1mBookinfo Load (0.001000)[0m   [0;1mSELECT * FROM bookinfos WHERE (bookinfos.id = '0') LIMIT 1[0m
Rendering  within layouts/admin
Rendering admin/show
  [4;35;1mBookinfo Columns (0.001000)[0m   [0mSHOW FIELDS FROM bookinfos[0m
Completed in 0.01100 (90 reqs/sec) | Rendering: 0.00400 (36%) | DB: 0.00200 (18%) | 200 OK [http://localhost/admin/show/0]


Processing AdminController#list (for 127.0.0.1 at 2006-05-27 21:45:31) [GET]
  Session ID: 0d13879eb79a57046e5c37cd0aae7b98
  Parameters: {"action"=>"list", "controller"=>"admin"}
  [4;36;1mBookinfo Columns (0.001000)[0m   [0;1mSHOW FIELDS FROM bookinfos[0m
  [4;35;1mSQL (0.000000)[0m   [0mSELECT count(*) AS count_all FROM bookinfos [0m
  [4;36;1mBookinfo Load (0.001000)[0m   [0;1mSELECT * FROM bookinfos LIMIT 0, 10[0m
Rendering  within layouts/admin
Rendering admin/list
Completed in 0.02100 (47 reqs/sec) | Rendering: 0.00500 (23%) | DB: 0.00200 (9%) | 200 OK [http://localhost/admin/list]


Processing AdminController#index (for 127.0.0.1 at 2006-05-27 21:53:37) [GET]
  Session ID: 0d13879eb79a57046e5c37cd0aae7b98
  Parameters: {"action"=>"index", "controller"=>"admin"}
  [4;36;1mBookinfo Columns (0.002000)[0m   [0;1mSHOW FIELDS FROM bookinfos[0m
  [4;35;1mSQL (0.000000)[0m   [0mSELECT count(*) AS count_all FROM bookinfos [0m
  [4;36;1mBookinfo Load (0.000000)[0m   [0;1mSELECT * FROM bookinfos LIMIT 0, 10[0m
Rendering layoutfalseactionlist within layouts/admin
Rendering admin/list
Completed in 0.06700 (14 reqs/sec) | Rendering: 0.00700 (10%) | DB: 0.00200 (2%) | 200 OK [http://localhost/admin/]


Processing AdminController#new (for 127.0.0.1 at 2006-05-27 21:53:39) [GET]
  Session ID: 0d13879eb79a57046e5c37cd0aae7b98
  Parameters: {"action"=>"new", "controller"=>"admin"}
  [4;35;1mBookinfo Columns (0.001000)[0m   [0mSHOW FIELDS FROM bookinfos[0m
Rendering  within layouts/admin
Rendering admin/new
Rendered admin/_form (0.00400)
Completed in 0.01500 (66 reqs/sec) | Rendering: 0.01000 (66%) | DB: 0.00100 (6%) | 200 OK [http://localhost/admin/new]


Processing AdminController#create (for 127.0.0.1 at 2006-05-27 21:53:42) [POST]
  Session ID: 0d13879eb79a57046e5c37cd0aae7b98
  Parameters: {"commit"=>"Create", "action"=>"create", "bookinfo"=>{"ISBN"=>"", "price"=>"", "title"=>"", "publisher"=>"", "authors"=>"\345\242\227\344\272\225", "imageurl"=>""}, "controller"=>"admin"}
  [4;36;1mBookinfo Columns (0.001000)[0m   [0;1mSHOW FIELDS FROM bookinfos[0m
  [4;35;1mSQL (0.000000)[0m   [0mBEGIN[0m
  [4;36;1mSQL (0.001000)[0m   [0;1mINSERT INTO bookinfos (`ISBN`, `price`, `title`, `publisher`, `authors`, `imageurl`) VALUES('', NULL, '', '', 'å¢—äº•', '')[0m
  [4;35;1mSQL (0.001000)[0m   [0mCOMMIT[0m
Redirected to http://localhost:3000/admin/list
Completed in 0.01100 (90 reqs/sec) | DB: 0.00300 (27%) | 302 Found [http://localhost/admin/create]


Processing AdminController#list (for 127.0.0.1 at 2006-05-27 21:53:43) [GET]
  Session ID: 0d13879eb79a57046e5c37cd0aae7b98
  Parameters: {"action"=>"list", "controller"=>"admin"}
  [4;36;1mBookinfo Columns (0.001000)[0m   [0;1mSHOW FIELDS FROM bookinfos[0m
  [4;35;1mSQL (0.000000)[0m   [0mSELECT count(*) AS count_all FROM bookinfos [0m
  [4;36;1mBookinfo Load (0.026000)[0m   [0;1mSELECT * FROM bookinfos LIMIT 0, 10[0m
Rendering  within layouts/admin
Rendering admin/list
Completed in 0.03800 (26 reqs/sec) | Rendering: 0.00400 (10%) | DB: 0.02700 (71%) | 200 OK [http://localhost/admin/list]


Processing AdminController#edit (for 127.0.0.1 at 2006-05-27 21:53:50) [GET]
  Session ID: 0d13879eb79a57046e5c37cd0aae7b98
  Parameters: {"action"=>"edit", "id"=>"1", "controller"=>"admin"}
  [4;35;1mBookinfo Load (0.060000)[0m   [0mSELECT * FROM bookinfos WHERE (bookinfos.id = '1') LIMIT 1[0m
Rendering  within layouts/admin
Rendering admin/edit
  [4;36;1mBookinfo Columns (0.001000)[0m   [0;1mSHOW FIELDS FROM bookinfos[0m
Rendered admin/_form (0.00200)
Completed in 0.07700 (12 reqs/sec) | Rendering: 0.00800 (10%) | DB: 0.06100 (79%) | 200 OK [http://localhost/admin/edit/1]
  [4;36;1mBookinfo Columns (0.001000)[0m   [0;1mSHOW FIELDS FROM bookinfos[0m


Processing AdminController#index (for 127.0.0.1 at 2006-05-28 10:50:33) [GET]
  Session ID: 9b117c9443cc3d869f3f19f35b1ac666
  Parameters: {"action"=>"index", "controller"=>"admin"}
  [4;36;1mBookinfo Columns (0.001000)[0m   [0;1mSHOW FIELDS FROM bookinfos[0m
  [4;35;1mSQL (0.001000)[0m   [0mSELECT count(*) AS count_all FROM bookinfos [0m
  [4;36;1mBookinfo Load (0.001000)[0m   [0;1mSELECT * FROM bookinfos LIMIT 0, 10[0m
Rendering layoutfalseactionlist within layouts/admin
Rendering admin/list
Completed in 0.07800 (12 reqs/sec) | Rendering: 0.00700 (8%) | DB: 0.00300 (3%) | 200 OK [http://localhost/admin/]


Processing AdminController#new (for 127.0.0.1 at 2006-05-28 10:50:34) [GET]
  Session ID: 9b117c9443cc3d869f3f19f35b1ac666
  Parameters: {"action"=>"new", "controller"=>"admin"}
  [4;35;1mBookinfo Columns (0.001000)[0m   [0mSHOW FIELDS FROM bookinfos[0m
Rendering  within layouts/admin
Rendering admin/new
Rendered admin/_form (0.00500)
Completed in 0.01500 (66 reqs/sec) | Rendering: 0.00900 (60%) | DB: 0.00100 (6%) | 200 OK [http://localhost/admin/new]


Processing AdminController#create (for 127.0.0.1 at 2006-05-28 10:50:50) [POST]
  Session ID: 9b117c9443cc3d869f3f19f35b1ac666
  Parameters: {"commit"=>"Create", "action"=>"create", "bookinfo"=>{"ISBN"=>"44444", "price"=>"500", "title"=>"ssss", "publisher"=>"ssss", "authors"=>"ssss", "imageurl"=>"xxx"}, "controller"=>"admin"}
  [4;36;1mBookinfo Columns (0.000000)[0m   [0;1mSHOW FIELDS FROM bookinfos[0m
  [4;35;1mSQL (0.000000)[0m   [0mBEGIN[0m
  [4;36;1mSQL (0.000000)[0m   [0;1mINSERT INTO bookinfos (`ISBN`, `price`, `title`, `publisher`, `authors`, `imageurl`) VALUES('44444', 500, 'ssss', 'ssss', 'ssss', 'xxx')[0m
  [4;35;1mSQL (0.000000)[0m   [0mCOMMIT[0m
Redirected to http://localhost:3000/admin/list
Completed in 0.01100 (90 reqs/sec) | DB: 0.00000 (0%) | 302 Found [http://localhost/admin/create]


Processing AdminController#list (for 127.0.0.1 at 2006-05-28 10:50:51) [GET]
  Session ID: 9b117c9443cc3d869f3f19f35b1ac666
  Parameters: {"action"=>"list", "controller"=>"admin"}
  [4;36;1mBookinfo Columns (0.001000)[0m   [0;1mSHOW FIELDS FROM bookinfos[0m
  [4;35;1mSQL (0.000000)[0m   [0mSELECT count(*) AS count_all FROM bookinfos [0m
  [4;36;1mBookinfo Load (0.001000)[0m   [0;1mSELECT * FROM bookinfos LIMIT 0, 10[0m
Rendering  within layouts/admin
Rendering admin/list
Completed in 0.01400 (71 reqs/sec) | Rendering: 0.00500 (35%) | DB: 0.00200 (14%) | 200 OK [http://localhost/admin/list]


Processing AdminController#edit (for 127.0.0.1 at 2006-05-28 10:50:54) [GET]
  Session ID: 9b117c9443cc3d869f3f19f35b1ac666
  Parameters: {"action"=>"edit", "id"=>"1", "controller"=>"admin"}
  [4;35;1mBookinfo Load (0.001000)[0m   [0mSELECT * FROM bookinfos WHERE (bookinfos.id = '1') LIMIT 1[0m
Rendering  within layouts/admin
Rendering admin/edit
  [4;36;1mBookinfo Columns (0.001000)[0m   [0;1mSHOW FIELDS FROM bookinfos[0m
Rendered admin/_form (0.00300)
Completed in 0.02400 (41 reqs/sec) | Rendering: 0.00800 (33%) | DB: 0.00200 (8%) | 200 OK [http://localhost/admin/edit/1]


Processing AdminController#update (for 127.0.0.1 at 2006-05-28 10:51:02) [POST]
  Session ID: 9b117c9443cc3d869f3f19f35b1ac666
  Parameters: {"commit"=>"Edit", "action"=>"update", "bookinfo"=>{"ISBN"=>"44444", "price"=>"500", "title"=>"ssss", "publisher"=>"ssss", "authors"=>"\345\242\227\344\272\225", "imageurl"=>"xxx"}, "id"=>"1", "controller"=>"admin"}
  [4;35;1mBookinfo Load (0.001000)[0m   [0mSELECT * FROM bookinfos WHERE (bookinfos.id = '1') LIMIT 1[0m
  [4;36;1mBookinfo Columns (0.004000)[0m   [0;1mSHOW FIELDS FROM bookinfos[0m
  [4;35;1mSQL (0.000000)[0m   [0mBEGIN[0m
  [4;36;1mBookinfo Update (0.001000)[0m   [0;1mUPDATE bookinfos SET `title` = 'ssss', `ISBN` = '44444', `publisher` = 'ssss', `imageurl` = 'xxx', `price` = 500, `authors` = 'å¢—äº•' WHERE id = 1[0m
  [4;35;1mSQL (0.001000)[0m   [0mCOMMIT[0m
Redirected to http://localhost:3000/admin/show/1
Completed in 0.01600 (62 reqs/sec) | DB: 0.00700 (43%) | 302 Found [http://localhost/admin/update/1]


Processing AdminController#show (for 127.0.0.1 at 2006-05-28 10:51:02) [GET]
  Session ID: 9b117c9443cc3d869f3f19f35b1ac666
  Parameters: {"action"=>"show", "id"=>"1", "controller"=>"admin"}
  [4;36;1mBookinfo Load (0.001000)[0m   [0;1mSELECT * FROM bookinfos WHERE (bookinfos.id = '1') LIMIT 1[0m
Rendering  within layouts/admin
Rendering admin/show
  [4;35;1mBookinfo Columns (0.001000)[0m   [0mSHOW FIELDS FROM bookinfos[0m
Completed in 0.01300 (76 reqs/sec) | Rendering: 0.00600 (46%) | DB: 0.00200 (15%) | 200 OK [http://localhost/admin/show/1]


Processing AdminController#edit (for 127.0.0.1 at 2006-05-28 10:51:07) [GET]
  Session ID: 9b117c9443cc3d869f3f19f35b1ac666
  Parameters: {"action"=>"edit", "id"=>"1", "controller"=>"admin"}
  [4;36;1mBookinfo Load (0.001000)[0m   [0;1mSELECT * FROM bookinfos WHERE (bookinfos.id = '1') LIMIT 1[0m
Rendering  within layouts/admin
Rendering admin/edit
  [4;35;1mBookinfo Columns (0.003000)[0m   [0mSHOW FIELDS FROM bookinfos[0m
Rendered admin/_form (0.00200)
Completed in 0.01600 (62 reqs/sec) | Rendering: 0.00800 (50%) | DB: 0.00400 (24%) | 200 OK [http://localhost/admin/edit/1]


Processing AdminController#show (for 127.0.0.1 at 2006-05-28 10:51:10) [GET]
  Session ID: 9b117c9443cc3d869f3f19f35b1ac666
  Parameters: {"action"=>"show", "id"=>"1", "controller"=>"admin"}
  [4;36;1mBookinfo Load (0.001000)[0m   [0;1mSELECT * FROM bookinfos WHERE (bookinfos.id = '1') LIMIT 1[0m
Rendering  within layouts/admin
Rendering admin/show
  [4;35;1mBookinfo Columns (0.000000)[0m   [0mSHOW FIELDS FROM bookinfos[0m
Completed in 0.01100 (90 reqs/sec) | Rendering: 0.00500 (45%) | DB: 0.00100 (9%) | 200 OK [http://localhost/admin/show/1]


Processing AdminController#list (for 127.0.0.1 at 2006-05-28 10:51:15) [GET]
  Session ID: 9b117c9443cc3d869f3f19f35b1ac666
  Parameters: {"action"=>"list", "controller"=>"admin"}
  [4;36;1mBookinfo Columns (0.001000)[0m   [0;1mSHOW FIELDS FROM bookinfos[0m
  [4;35;1mSQL (0.001000)[0m   [0mSELECT count(*) AS count_all FROM bookinfos [0m
  [4;36;1mBookinfo Load (0.001000)[0m   [0;1mSELECT * FROM bookinfos LIMIT 0, 10[0m
Rendering  within layouts/admin
Rendering admin/list
Completed in 0.01300 (76 reqs/sec) | Rendering: 0.00500 (38%) | DB: 0.00300 (23%) | 200 OK [http://localhost/admin/list]


Processing AdminController#edit (for 127.0.0.1 at 2006-05-28 10:51:29) [GET]
  Session ID: 9b117c9443cc3d869f3f19f35b1ac666
  Parameters: {"action"=>"edit", "id"=>"1", "controller"=>"admin"}
  [4;35;1mBookinfo Load (0.005000)[0m   [0mSELECT * FROM bookinfos WHERE (bookinfos.id = '1') LIMIT 1[0m
Rendering  within layouts/admin
Rendering admin/edit
  [4;36;1mBookinfo Columns (0.001000)[0m   [0;1mSHOW FIELDS FROM bookinfos[0m
Rendered admin/_form (0.00200)
Completed in 0.01700 (58 reqs/sec) | Rendering: 0.00700 (41%) | DB: 0.00600 (35%) | 200 OK [http://localhost/admin/edit/1]


Processing AdminController#edit (for 127.0.0.1 at 2006-05-28 10:52:20) [GET]
  Session ID: 9b117c9443cc3d869f3f19f35b1ac666
  Parameters: {"action"=>"edit", "id"=>"1", "controller"=>"admin"}
  [4;35;1mBookinfo Load (0.001000)[0m   [0mSELECT * FROM bookinfos WHERE (bookinfos.id = '1') LIMIT 1[0m
Rendering  within layouts/admin
Rendering admin/edit
  [4;36;1mBookinfo Columns (0.001000)[0m   [0;1mSHOW FIELDS FROM bookinfos[0m
Rendered admin/_form (0.00200)
Completed in 0.01400 (71 reqs/sec) | Rendering: 0.00700 (49%) | DB: 0.00200 (14%) | 200 OK [http://localhost/admin/edit/1]


Processing AdminController#show (for 127.0.0.1 at 2006-05-28 10:54:47) [GET]
  Session ID: 9b117c9443cc3d869f3f19f35b1ac666
  Parameters: {"action"=>"show", "id"=>"1", "controller"=>"admin"}
  [4;35;1mBookinfo Load (0.001000)[0m   [0mSELECT * FROM bookinfos WHERE (bookinfos.id = '1') LIMIT 1[0m
Rendering  within layouts/admin
Rendering admin/show
  [4;36;1mBookinfo Columns (0.001000)[0m   [0;1mSHOW FIELDS FROM bookinfos[0m
Completed in 0.01100 (90 reqs/sec) | Rendering: 0.00400 (36%) | DB: 0.00200 (18%) | 200 OK [http://localhost/admin/show/1]


Processing AdminController#new (for 127.0.0.1 at 2006-05-28 10:55:11) [GET]
  Session ID: 9b117c9443cc3d869f3f19f35b1ac666
  Parameters: {"action"=>"new", "controller"=>"admin"}
  [4;35;1mBookinfo Columns (0.012000)[0m   [0mSHOW FIELDS FROM bookinfos[0m
Rendering  within layouts/admin
Rendering admin/new
Rendered admin/_form (0.00200)
Completed in 0.02200 (45 reqs/sec) | Rendering: 0.00500 (22%) | DB: 0.01200 (54%) | 200 OK [http://localhost/admin/new]


Processing AdminController#create (for 127.0.0.1 at 2006-05-28 10:55:26) [POST]
  Session ID: 9b117c9443cc3d869f3f19f35b1ac666
  Parameters: {"commit"=>"Create", "action"=>"create", "bookinfo"=>{"ISBN"=>"5555", "price"=>"4000", "title"=>"Perl Programming", "publisher"=>"ASCII", "authors"=>"T. Masui", "imageurl"=>"-"}, "controller"=>"admin"}
  [4;36;1mBookinfo Columns (0.001000)[0m   [0;1mSHOW FIELDS FROM bookinfos[0m
  [4;35;1mSQL (0.001000)[0m   [0mBEGIN[0m
  [4;36;1mSQL (0.055000)[0m   [0;1mINSERT INTO bookinfos (`ISBN`, `price`, `title`, `publisher`, `authors`, `imageurl`) VALUES('5555', 4000, 'Perl Programming', 'ASCII', 'T. Masui', '-')[0m
  [4;35;1mSQL (0.000000)[0m   [0mCOMMIT[0m
Redirected to http://localhost:3000/admin/list
Completed in 0.06600 (15 reqs/sec) | DB: 0.05700 (86%) | 302 Found [http://localhost/admin/create]


Processing AdminController#list (for 127.0.0.1 at 2006-05-28 10:55:26) [GET]
  Session ID: 9b117c9443cc3d869f3f19f35b1ac666
  Parameters: {"action"=>"list", "controller"=>"admin"}
  [4;36;1mBookinfo Columns (0.001000)[0m   [0;1mSHOW FIELDS FROM bookinfos[0m
  [4;35;1mSQL (0.001000)[0m   [0mSELECT count(*) AS count_all FROM bookinfos [0m
  [4;36;1mBookinfo Load (0.048000)[0m   [0;1mSELECT * FROM bookinfos LIMIT 0, 10[0m
Rendering  within layouts/admin
Rendering admin/list
Completed in 0.06100 (16 reqs/sec) | Rendering: 0.00600 (9%) | DB: 0.05000 (81%) | 200 OK [http://localhost/admin/list]


Processing AdminController#index (for 127.0.0.1 at 2006-05-28 10:57:32) [GET]
  Session ID: 9b117c9443cc3d869f3f19f35b1ac666
  Parameters: {"action"=>"index", "controller"=>"admin"}
  [4;36;1mBookinfo Columns (0.001000)[0m   [0;1mSHOW FIELDS FROM bookinfos[0m
  [4;35;1mSQL (0.001000)[0m   [0mSELECT count(*) AS count_all FROM bookinfos [0m
  [4;36;1mBookinfo Load (0.053000)[0m   [0;1mSELECT * FROM bookinfos LIMIT 0, 10[0m
Rendering layoutfalseactionlist within layouts/admin
Rendering admin/list
Completed in 0.12900 (7 reqs/sec) | Rendering: 0.01200 (9%) | DB: 0.05500 (42%) | 200 OK [http://localhost/admin/]


Processing AdminController#index (for 127.0.0.1 at 2006-05-28 10:57:53) [GET]
  Session ID: 9b117c9443cc3d869f3f19f35b1ac666
  Parameters: {"action"=>"index", "controller"=>"admin"}
  [4;35;1mBookinfo Columns (0.001000)[0m   [0mSHOW FIELDS FROM bookinfos[0m
  [4;36;1mSQL (0.000000)[0m   [0;1mSELECT count(*) AS count_all FROM bookinfos [0m
  [4;35;1mBookinfo Load (0.001000)[0m   [0mSELECT * FROM bookinfos LIMIT 0, 10[0m
Rendering layoutfalseactionlist within layouts/admin
Rendering admin/list
Completed in 0.01400 (71 reqs/sec) | Rendering: 0.00600 (42%) | DB: 0.00200 (14%) | 200 OK [http://localhost/admin/]


Processing AdminController#index (for 127.0.0.1 at 2006-05-28 10:57:55) [GET]
  Session ID: 9b117c9443cc3d869f3f19f35b1ac666
  Parameters: {"action"=>"index", "controller"=>"admin"}
  [4;36;1mBookinfo Columns (0.001000)[0m   [0;1mSHOW FIELDS FROM bookinfos[0m
  [4;35;1mSQL (0.000000)[0m   [0mSELECT count(*) AS count_all FROM bookinfos [0m
  [4;36;1mBookinfo Load (0.001000)[0m   [0;1mSELECT * FROM bookinfos LIMIT 0, 10[0m
Rendering layoutfalseactionlist within layouts/admin
Rendering admin/list
Completed in 0.01000 (100 reqs/sec) | Rendering: 0.00200 (20%) | DB: 0.00200 (19%) | 200 OK [http://localhost/admin/]


Processing AdminController#index (for 127.0.0.1 at 2006-05-28 10:58:05) [GET]
  Session ID: 9b117c9443cc3d869f3f19f35b1ac666
  Parameters: {"action"=>"index", "controller"=>"admin"}
  [4;35;1mBookinfo Columns (0.007000)[0m   [0mSHOW FIELDS FROM bookinfos[0m
  [4;36;1mSQL (0.000000)[0m   [0;1mSELECT count(*) AS count_all FROM bookinfos [0m
  [4;35;1mBookinfo Load (0.001000)[0m   [0mSELECT * FROM bookinfos LIMIT 0, 10[0m
Rendering layoutfalseactionlist within layouts/admin
Rendering admin/list
Completed in 0.02400 (41 reqs/sec) | Rendering: 0.01000 (41%) | DB: 0.00800 (33%) | 200 OK [http://localhost/admin/]


Processing AdminController#index (for 127.0.0.1 at 2006-05-28 10:58:18) [GET]
  Session ID: 9b117c9443cc3d869f3f19f35b1ac666
  Parameters: {"action"=>"index", "controller"=>"admin"}
  [4;36;1mBookinfo Columns (0.001000)[0m   [0;1mSHOW FIELDS FROM bookinfos[0m
  [4;35;1mSQL (0.000000)[0m   [0mSELECT count(*) AS count_all FROM bookinfos [0m
  [4;36;1mBookinfo Load (0.001000)[0m   [0;1mSELECT * FROM bookinfos LIMIT 0, 10[0m
Rendering layoutfalseactionlist within layouts/admin
Rendering admin/list
Completed in 0.01800 (55 reqs/sec) | Rendering: 0.01000 (55%) | DB: 0.00200 (11%) | 200 OK [http://localhost/admin/]


Processing AdminController#index (for 127.0.0.1 at 2006-05-28 11:01:00) [GET]
  Session ID: 9b117c9443cc3d869f3f19f35b1ac666
  Parameters: {"action"=>"index", "controller"=>"admin"}
  [4;36;1mBookinfo Columns (0.001000)[0m   [0;1mSHOW FIELDS FROM bookinfos[0m
  [4;35;1mSQL (0.001000)[0m   [0mSELECT count(*) AS count_all FROM bookinfos [0m
  [4;36;1mBookinfo Load (0.001000)[0m   [0;1mSELECT * FROM bookinfos LIMIT 0, 10[0m
Rendering layoutfalseactionlist within layouts/admin
Rendering admin/list
Completed in 0.07500 (13 reqs/sec) | Rendering: 0.01100 (14%) | DB: 0.00300 (3%) | 200 OK [http://localhost/admin/]


Processing AdminController#index (for 127.0.0.1 at 2006-05-28 11:01:31) [GET]
  Session ID: 9b117c9443cc3d869f3f19f35b1ac666
  Parameters: {"action"=>"index", "controller"=>"admin"}
  [4;35;1mBookinfo Columns (0.001000)[0m   [0mSHOW FIELDS FROM bookinfos[0m
  [4;36;1mSQL (0.001000)[0m   [0;1mSELECT count(*) AS count_all FROM bookinfos [0m
  [4;35;1mBookinfo Load (0.001000)[0m   [0mSELECT * FROM bookinfos LIMIT 0, 10[0m
Rendering layoutfalseactionlist within layouts/admin
Rendering admin/list
Completed in 0.01400 (71 reqs/sec) | Rendering: 0.00500 (35%) | DB: 0.00300 (21%) | 200 OK [http://localhost/admin/]


Processing AdminController#index (for 127.0.0.1 at 2006-05-28 11:01:44) [GET]
  Session ID: 9b117c9443cc3d869f3f19f35b1ac666
  Parameters: {"action"=>"index", "controller"=>"admin"}
  [4;36;1mBookinfo Columns (0.001000)[0m   [0;1mSHOW FIELDS FROM bookinfos[0m
  [4;35;1mSQL (0.001000)[0m   [0mSELECT count(*) AS count_all FROM bookinfos [0m
  [4;36;1mBookinfo Load (0.001000)[0m   [0;1mSELECT * FROM bookinfos LIMIT 0, 10[0m
Rendering layoutfalseactionlist within layouts/admin
Rendering admin/list
Completed in 0.01800 (55 reqs/sec) | Rendering: 0.00900 (50%) | DB: 0.00300 (16%) | 200 OK [http://localhost/admin/]


Processing AdminController#index (for 127.0.0.1 at 2006-05-28 11:01:54) [GET]
  Session ID: 9b117c9443cc3d869f3f19f35b1ac666
  Parameters: {"action"=>"index", "controller"=>"admin"}
  [4;35;1mBookinfo Columns (0.001000)[0m   [0mSHOW FIELDS FROM bookinfos[0m
  [4;36;1mSQL (0.001000)[0m   [0;1mSELECT count(*) AS count_all FROM bookinfos [0m
  [4;35;1mBookinfo Load (0.001000)[0m   [0mSELECT * FROM bookinfos LIMIT 0, 10[0m
Rendering layoutfalseactionlist within layouts/admin
Rendering admin/list
Completed in 0.01700 (58 reqs/sec) | Rendering: 0.00700 (41%) | DB: 0.00300 (17%) | 200 OK [http://localhost/admin/]


Processing AdminController#index (for 127.0.0.1 at 2006-05-28 11:02:10) [GET]
  Session ID: 9b117c9443cc3d869f3f19f35b1ac666
  Parameters: {"action"=>"index", "controller"=>"admin"}
  [4;36;1mBookinfo Columns (0.001000)[0m   [0;1mSHOW FIELDS FROM bookinfos[0m
  [4;35;1mSQL (0.001000)[0m   [0mSELECT count(*) AS count_all FROM bookinfos [0m
  [4;36;1mBookinfo Load (0.001000)[0m   [0;1mSELECT * FROM bookinfos LIMIT 0, 10[0m
Rendering layoutfalseactionlist within layouts/admin
Rendering admin/list
Completed in 0.01700 (58 reqs/sec) | Rendering: 0.00900 (52%) | DB: 0.00300 (17%) | 200 OK [http://localhost/admin/]


Processing AdminController#new (for 127.0.0.1 at 2006-05-28 11:04:12) [GET]
  Session ID: 9b117c9443cc3d869f3f19f35b1ac666
  Parameters: {"action"=>"new", "controller"=>"admin"}
  [4;35;1mBookinfo Columns (0.002000)[0m   [0mSHOW FIELDS FROM bookinfos[0m
Rendering  within layouts/admin
Rendering admin/new
Rendered admin/_form (0.00500)
Completed in 0.01500 (66 reqs/sec) | Rendering: 0.00900 (60%) | DB: 0.00200 (13%) | 200 OK [http://localhost/admin/new]


Processing AdminController#new (for 127.0.0.1 at 2006-05-28 11:04:20) [GET]
  Session ID: 9b117c9443cc3d869f3f19f35b1ac666
  Parameters: {"action"=>"new", "controller"=>"admin"}
  [4;36;1mBookinfo Columns (0.001000)[0m   [0;1mSHOW FIELDS FROM bookinfos[0m
Rendering  within layouts/admin
Rendering admin/new
Rendered admin/_form (0.00300)
Completed in 0.01200 (83 reqs/sec) | Rendering: 0.00600 (50%) | DB: 0.00100 (8%) | 200 OK [http://localhost/admin/new]


Processing AdminController#create (for 127.0.0.1 at 2006-05-28 11:04:38) [POST]
  Session ID: 9b117c9443cc3d869f3f19f35b1ac666
  Parameters: {"commit"=>"Create", "action"=>"create", "bookinfo"=>{"ISBN"=>"123", "price"=>"5000", "title"=>"\346\274\242\345\255\227\343\202\277\343\202\244\343\203\210\343\203\253", "publisher"=>"ASCII", "authors"=>"\345\242\227\344\272\225", "imageurl"=>"http://"}, "controller"=>"admin"}
  [4;35;1mBookinfo Columns (0.001000)[0m   [0mSHOW FIELDS FROM bookinfos[0m
  [4;36;1mSQL (0.001000)[0m   [0;1mBEGIN[0m
  [4;35;1mSQL (0.052000)[0m   [0mINSERT INTO bookinfos (`ISBN`, `price`, `title`, `publisher`, `authors`, `imageurl`) VALUES('123', 5000, 'æ¼¢å\­—\ã‚¿ã‚¤ãƒˆ\ãƒ\«', 'ASCII', 'å¢—äº•', 'http://')[0m
  [4;36;1mSQL (0.001000)[0m   [0;1mCOMMIT[0m
Redirected to http://localhost:3000/admin/list
Completed in 0.06300 (15 reqs/sec) | DB: 0.05500 (87%) | 302 Found [http://localhost/admin/create]


Processing AdminController#list (for 127.0.0.1 at 2006-05-28 11:04:39) [GET]
  Session ID: 9b117c9443cc3d869f3f19f35b1ac666
  Parameters: {"action"=>"list", "controller"=>"admin"}
  [4;35;1mBookinfo Columns (0.001000)[0m   [0mSHOW FIELDS FROM bookinfos[0m
  [4;36;1mSQL (0.000000)[0m   [0;1mSELECT count(*) AS count_all FROM bookinfos [0m
  [4;35;1mBookinfo Load (0.062000)[0m   [0mSELECT * FROM bookinfos LIMIT 0, 10[0m
Rendering  within layouts/admin
Rendering admin/list
Completed in 0.07700 (12 reqs/sec) | Rendering: 0.00700 (9%) | DB: 0.06300 (81%) | 200 OK [http://localhost/admin/list]


Processing AdminController#edit (for 127.0.0.1 at 2006-05-28 11:04:45) [GET]
  Session ID: 9b117c9443cc3d869f3f19f35b1ac666
  Parameters: {"action"=>"edit", "id"=>"3", "controller"=>"admin"}
  [4;36;1mBookinfo Load (0.001000)[0m   [0;1mSELECT * FROM bookinfos WHERE (bookinfos.id = '3') LIMIT 1[0m
Rendering  within layouts/admin
Rendering admin/edit
  [4;35;1mBookinfo Columns (0.001000)[0m   [0mSHOW FIELDS FROM bookinfos[0m
Rendered admin/_form (0.00300)
Completed in 0.01500 (66 reqs/sec) | Rendering: 0.00800 (53%) | DB: 0.00200 (13%) | 200 OK [http://localhost/admin/edit/3]


Processing AdminController#list (for 127.0.0.1 at 2006-05-28 11:12:36) [GET]
  Session ID: 9b117c9443cc3d869f3f19f35b1ac666
  Parameters: {"action"=>"list", "controller"=>"admin"}
  [4;36;1mBookinfo Columns (0.002000)[0m   [0;1mSHOW FIELDS FROM bookinfos[0m
  [4;35;1mSQL (0.000000)[0m   [0mSELECT count(*) AS count_all FROM bookinfos [0m
  [4;36;1mBookinfo Load (0.000000)[0m   [0;1mSELECT * FROM bookinfos LIMIT 0, 10[0m
Rendering  within layouts/admin
Rendering admin/list
Completed in 0.01100 (90 reqs/sec) | Rendering: 0.00200 (18%) | DB: 0.00200 (18%) | 200 OK [http://localhost/admin/list]


Processing AdminController#new (for 127.0.0.1 at 2006-05-28 11:12:40) [GET]
  Session ID: 9b117c9443cc3d869f3f19f35b1ac666
  Parameters: {"action"=>"new", "controller"=>"admin"}
  [4;35;1mBookinfo Columns (0.001000)[0m   [0mSHOW FIELDS FROM bookinfos[0m
Rendering  within layouts/admin
Rendering admin/new
Rendered admin/_form (0.00200)
Completed in 0.01100 (90 reqs/sec) | Rendering: 0.00600 (54%) | DB: 0.00100 (9%) | 200 OK [http://localhost/admin/new]


Processing AdminController#create (for 127.0.0.1 at 2006-05-28 11:13:01) [POST]
  Session ID: 9b117c9443cc3d869f3f19f35b1ac666
  Parameters: {"commit"=>"Create", "action"=>"create", "bookinfo"=>{"ISBN"=>"111", "price"=>"200", "title"=>"\345\242\227\344\272\225", "publisher"=>"aa", "authors"=>"aa", "imageurl"=>"--"}, "controller"=>"admin"}
  [4;36;1mBookinfo Columns (0.001000)[0m   [0;1mSHOW FIELDS FROM bookinfos[0m
  [4;35;1mSQL (0.000000)[0m   [0mBEGIN[0m
  [4;36;1mSQL (0.001000)[0m   [0;1mINSERT INTO bookinfos (`ISBN`, `price`, `title`, `publisher`, `authors`, `imageurl`) VALUES('111', 200, 'å¢—äº•', 'aa', 'aa', '--')[0m
  [4;35;1mSQL (0.001000)[0m   [0mCOMMIT[0m
Redirected to http://localhost:3000/admin/list
Completed in 0.02300 (43 reqs/sec) | DB: 0.00300 (13%) | 302 Found [http://localhost/admin/create]


Processing AdminController#list (for 127.0.0.1 at 2006-05-28 11:13:01) [GET]
  Session ID: 9b117c9443cc3d869f3f19f35b1ac666
  Parameters: {"action"=>"list", "controller"=>"admin"}
  [4;36;1mBookinfo Columns (0.001000)[0m   [0;1mSHOW FIELDS FROM bookinfos[0m
  [4;35;1mSQL (0.001000)[0m   [0mSELECT count(*) AS count_all FROM bookinfos [0m
  [4;36;1mBookinfo Load (0.001000)[0m   [0;1mSELECT * FROM bookinfos LIMIT 0, 10[0m
Rendering  within layouts/admin
Rendering admin/list
Completed in 0.01300 (76 reqs/sec) | Rendering: 0.00500 (38%) | DB: 0.00300 (23%) | 200 OK [http://localhost/admin/list]


Processing AdminController#edit (for 127.0.0.1 at 2006-05-28 11:13:09) [GET]
  Session ID: 9b117c9443cc3d869f3f19f35b1ac666
  Parameters: {"action"=>"edit", "id"=>"1", "controller"=>"admin"}
  [4;35;1mBookinfo Load (0.001000)[0m   [0mSELECT * FROM bookinfos WHERE (bookinfos.id = '1') LIMIT 1[0m
Rendering  within layouts/admin
Rendering admin/edit
  [4;36;1mBookinfo Columns (0.001000)[0m   [0;1mSHOW FIELDS FROM bookinfos[0m
Rendered admin/_form (0.00300)
Completed in 0.01300 (76 reqs/sec) | Rendering: 0.00700 (53%) | DB: 0.00200 (15%) | 200 OK [http://localhost/admin/edit/1]


Processing AdminController#index (for 127.0.0.1 at 2006-05-28 11:13:39) [GET]
  Session ID: 9b117c9443cc3d869f3f19f35b1ac666
  Parameters: {"action"=>"index", "controller"=>"admin"}
  [4;35;1mBookinfo Columns (0.001000)[0m   [0mSHOW FIELDS FROM bookinfos[0m
  [4;36;1mSQL (0.001000)[0m   [0;1mSELECT count(*) AS count_all FROM bookinfos [0m
  [4;35;1mBookinfo Load (0.001000)[0m   [0mSELECT * FROM bookinfos LIMIT 0, 10[0m
Rendering layoutfalseactionlist within layouts/admin
Rendering admin/list
Completed in 0.01200 (83 reqs/sec) | Rendering: 0.00500 (41%) | DB: 0.00300 (25%) | 200 OK [http://localhost/admin/]


Processing AdminController#index (for 127.0.0.1 at 2006-05-28 11:15:44) [GET]
  Session ID: 9b117c9443cc3d869f3f19f35b1ac666
  Parameters: {"action"=>"index", "controller"=>"admin"}
  [4;36;1mBookinfo Columns (0.000000)[0m   [0;1mSHOW FIELDS FROM bookinfos[0m
  [4;35;1mSQL (0.001000)[0m   [0mSELECT count(*) AS count_all FROM bookinfos [0m
  [4;36;1mBookinfo Load (0.001000)[0m   [0;1mSELECT * FROM bookinfos LIMIT 0, 10[0m
Rendering layoutfalseactionlist within layouts/admin
Rendering admin/list
Completed in 0.07400 (13 reqs/sec) | Rendering: 0.00900 (12%) | DB: 0.00200 (2%) | 200 OK [http://localhost/admin/]


Processing AdminController#new (for 127.0.0.1 at 2006-05-28 11:15:48) [GET]
  Session ID: 9b117c9443cc3d869f3f19f35b1ac666
  Parameters: {"action"=>"new", "controller"=>"admin"}
  [4;35;1mBookinfo Columns (0.001000)[0m   [0mSHOW FIELDS FROM bookinfos[0m
Rendering  within layouts/admin
Rendering admin/new
Rendered admin/_form (0.00500)
Completed in 0.02300 (43 reqs/sec) | Rendering: 0.01800 (78%) | DB: 0.00100 (4%) | 200 OK [http://localhost/admin/new]


Processing AdminController#new (for 127.0.0.1 at 2006-05-28 11:16:14) [GET]
  Session ID: 9b117c9443cc3d869f3f19f35b1ac666
  Parameters: {"action"=>"new", "controller"=>"admin"}
  [4;36;1mBookinfo Columns (0.001000)[0m   [0;1mSHOW FIELDS FROM bookinfos[0m
Rendering  within layouts/admin
Rendering admin/new
Rendered admin/_form (0.00200)
Completed in 0.01100 (90 reqs/sec) | Rendering: 0.00500 (45%) | DB: 0.00100 (9%) | 200 OK [http://localhost/admin/new]


Processing AdminController#show (for 127.0.0.1 at 2006-05-28 11:18:32) [GET]
  Session ID: 9b117c9443cc3d869f3f19f35b1ac666
  Parameters: {"action"=>"show", "controller"=>"admin"}


ActiveRecord::RecordNotFound (Couldn't find Bookinfo without an ID):
    /usr/local/lib/ruby/gems/1.8/gems/activerecord-1.14.2/lib/active_record/base.rb:939:in `find_from_ids'
    /usr/local/lib/ruby/gems/1.8/gems/activerecord-1.14.2/lib/active_record/base.rb:382:in `find'
    /app/controllers/admin_controller.rb:16:in `show'
    /usr/local/lib/ruby/gems/1.8/gems/actionpack-1.12.1/lib/action_controller/base.rb:910:in `send'
    /usr/local/lib/ruby/gems/1.8/gems/actionpack-1.12.1/lib/action_controller/base.rb:910:in `perform_action_without_filters'
    /usr/local/lib/ruby/gems/1.8/gems/actionpack-1.12.1/lib/action_controller/filters.rb:368:in `perform_action_without_benchmark'
    /usr/local/lib/ruby/gems/1.8/gems/actionpack-1.12.1/lib/action_controller/benchmarking.rb:69:in `perform_action_without_rescue'
    /usr/local/lib/ruby/gems/1.8/gems/actionpack-1.12.1/lib/action_controller/benchmarking.rb:69:in `measure'
    /usr/local/lib/ruby/gems/1.8/gems/actionpack-1.12.1/lib/action_controller/benchmarking.rb:69:in `perform_action_without_rescue'
    /usr/local/lib/ruby/gems/1.8/gems/actionpack-1.12.1/lib/action_controller/rescue.rb:82:in `perform_action'
    /usr/local/lib/ruby/gems/1.8/gems/actionpack-1.12.1/lib/action_controller/base.rb:381:in `send'
    /usr/local/lib/ruby/gems/1.8/gems/actionpack-1.12.1/lib/action_controller/base.rb:381:in `process_without_filters'
    /usr/local/lib/ruby/gems/1.8/gems/actionpack-1.12.1/lib/action_controller/filters.rb:377:in `process_without_session_management_support'
    /usr/local/lib/ruby/gems/1.8/gems/actionpack-1.12.1/lib/action_controller/session_management.rb:117:in `process'
    /usr/local/lib/ruby/gems/1.8/gems/rails-1.1.2/lib/dispatcher.rb:38:in `dispatch'
    /usr/local/lib/ruby/gems/1.8/gems/rails-1.1.2/lib/webrick_server.rb:115:in `handle_dispatch'
    /usr/local/lib/ruby/gems/1.8/gems/rails-1.1.2/lib/webrick_server.rb:81:in `service'
    /usr/local/lib/ruby/1.8/webrick/httpserver.rb:104:in `service'
    /usr/local/lib/ruby/1.8/webrick/httpserver.rb:65:in `run'
    /usr/local/lib/ruby/1.8/webrick/server.rb:155:in `start_thread'
    /usr/local/lib/ruby/1.8/webrick/server.rb:144:in `start'
    /usr/local/lib/ruby/1.8/webrick/server.rb:144:in `start_thread'
    /usr/local/lib/ruby/1.8/webrick/server.rb:94:in `start'
    /usr/local/lib/ruby/1.8/webrick/server.rb:89:in `each'
    /usr/local/lib/ruby/1.8/webrick/server.rb:89:in `start'
    /usr/local/lib/ruby/1.8/webrick/server.rb:79:in `start'
    /usr/local/lib/ruby/1.8/webrick/server.rb:79:in `start'
    /usr/local/lib/ruby/gems/1.8/gems/rails-1.1.2/lib/webrick_server.rb:67:in `dispatch'
    /usr/local/lib/ruby/gems/1.8/gems/rails-1.1.2/lib/commands/servers/webrick.rb:59
    /usr/local/lib/ruby/site_ruby/1.8/rubygems/custom_require.rb:21:in `require__'
    /usr/local/lib/ruby/site_ruby/1.8/rubygems/custom_require.rb:21:in `require'
    /usr/local/lib/ruby/gems/1.8/gems/activesupport-1.3.1/lib/active_support/dependencies.rb:147:in `require'
    /usr/local/lib/ruby/gems/1.8/gems/rails-1.1.2/lib/commands/server.rb:30
    /usr/local/lib/ruby/site_ruby/1.8/rubygems/custom_require.rb:21:in `require__'
    /usr/local/lib/ruby/site_ruby/1.8/rubygems/custom_require.rb:21:in `require'
    /usr/local/lib/ruby/gems/1.8/gems/activesupport-1.3.1/lib/active_support/dependencies.rb:147:in `require'
    script/server:3


Rendering /usr/local/lib/ruby/gems/1.8/gems/actionpack-1.12.1/lib/action_controller/templates/rescues/layout.rhtml (500 Internal Error)


Processing AdminController#show (for 127.0.0.1 at 2006-05-28 11:18:35) [GET]
  Session ID: 9b117c9443cc3d869f3f19f35b1ac666
  Parameters: {"action"=>"show", "id"=>"0", "controller"=>"admin"}
  [4;35;1mBookinfo Load (0.001000)[0m   [0mSELECT * FROM bookinfos WHERE (bookinfos.id = '0') LIMIT 1[0m


ActiveRecord::RecordNotFound (Couldn't find Bookinfo with ID=0):
    /usr/local/lib/ruby/gems/1.8/gems/activerecord-1.14.2/lib/active_record/base.rb:955:in `find_one'
    /usr/local/lib/ruby/gems/1.8/gems/activerecord-1.14.2/lib/active_record/base.rb:941:in `find_from_ids'
    /usr/local/lib/ruby/gems/1.8/gems/activerecord-1.14.2/lib/active_record/base.rb:382:in `find'
    /app/controllers/admin_controller.rb:16:in `show'
    /usr/local/lib/ruby/gems/1.8/gems/actionpack-1.12.1/lib/action_controller/base.rb:910:in `send'
    /usr/local/lib/ruby/gems/1.8/gems/actionpack-1.12.1/lib/action_controller/base.rb:910:in `perform_action_without_filters'
    /usr/local/lib/ruby/gems/1.8/gems/actionpack-1.12.1/lib/action_controller/filters.rb:368:in `perform_action_without_benchmark'
    /usr/local/lib/ruby/gems/1.8/gems/actionpack-1.12.1/lib/action_controller/benchmarking.rb:69:in `perform_action_without_rescue'
    /usr/local/lib/ruby/gems/1.8/gems/actionpack-1.12.1/lib/action_controller/benchmarking.rb:69:in `measure'
    /usr/local/lib/ruby/gems/1.8/gems/actionpack-1.12.1/lib/action_controller/benchmarking.rb:69:in `perform_action_without_rescue'
    /usr/local/lib/ruby/gems/1.8/gems/actionpack-1.12.1/lib/action_controller/rescue.rb:82:in `perform_action'
    /usr/local/lib/ruby/gems/1.8/gems/actionpack-1.12.1/lib/action_controller/base.rb:381:in `send'
    /usr/local/lib/ruby/gems/1.8/gems/actionpack-1.12.1/lib/action_controller/base.rb:381:in `process_without_filters'
    /usr/local/lib/ruby/gems/1.8/gems/actionpack-1.12.1/lib/action_controller/filters.rb:377:in `process_without_session_management_support'
    /usr/local/lib/ruby/gems/1.8/gems/actionpack-1.12.1/lib/action_controller/session_management.rb:117:in `process'
    /usr/local/lib/ruby/gems/1.8/gems/rails-1.1.2/lib/dispatcher.rb:38:in `dispatch'
    /usr/local/lib/ruby/gems/1.8/gems/rails-1.1.2/lib/webrick_server.rb:115:in `handle_dispatch'
    /usr/local/lib/ruby/gems/1.8/gems/rails-1.1.2/lib/webrick_server.rb:81:in `service'
    /usr/local/lib/ruby/1.8/webrick/httpserver.rb:104:in `service'
    /usr/local/lib/ruby/1.8/webrick/httpserver.rb:65:in `run'
    /usr/local/lib/ruby/1.8/webrick/server.rb:155:in `start_thread'
    /usr/local/lib/ruby/1.8/webrick/server.rb:144:in `start'
    /usr/local/lib/ruby/1.8/webrick/server.rb:144:in `start_thread'
    /usr/local/lib/ruby/1.8/webrick/server.rb:94:in `start'
    /usr/local/lib/ruby/1.8/webrick/server.rb:89:in `each'
    /usr/local/lib/ruby/1.8/webrick/server.rb:89:in `start'
    /usr/local/lib/ruby/1.8/webrick/server.rb:79:in `start'
    /usr/local/lib/ruby/1.8/webrick/server.rb:79:in `start'
    /usr/local/lib/ruby/gems/1.8/gems/rails-1.1.2/lib/webrick_server.rb:67:in `dispatch'
    /usr/local/lib/ruby/gems/1.8/gems/rails-1.1.2/lib/commands/servers/webrick.rb:59
    /usr/local/lib/ruby/site_ruby/1.8/rubygems/custom_require.rb:21:in `require__'
    /usr/local/lib/ruby/site_ruby/1.8/rubygems/custom_require.rb:21:in `require'
    /usr/local/lib/ruby/gems/1.8/gems/activesupport-1.3.1/lib/active_support/dependencies.rb:147:in `require'
    /usr/local/lib/ruby/gems/1.8/gems/rails-1.1.2/lib/commands/server.rb:30
    /usr/local/lib/ruby/site_ruby/1.8/rubygems/custom_require.rb:21:in `require__'
    /usr/local/lib/ruby/site_ruby/1.8/rubygems/custom_require.rb:21:in `require'
    /usr/local/lib/ruby/gems/1.8/gems/activesupport-1.3.1/lib/active_support/dependencies.rb:147:in `require'
    script/server:3


Rendering /usr/local/lib/ruby/gems/1.8/gems/actionpack-1.12.1/lib/action_controller/templates/rescues/layout.rhtml (500 Internal Error)


Processing AdminController#show (for 127.0.0.1 at 2006-05-28 11:18:39) [GET]
  Session ID: 9b117c9443cc3d869f3f19f35b1ac666
  Parameters: {"action"=>"show", "id"=>"1", "controller"=>"admin"}
  [4;36;1mBookinfo Load (0.001000)[0m   [0;1mSELECT * FROM bookinfos WHERE (bookinfos.id = '1') LIMIT 1[0m
Rendering  within layouts/admin
Rendering admin/show
  [4;35;1mBookinfo Columns (0.001000)[0m   [0mSHOW FIELDS FROM bookinfos[0m
Completed in 0.01200 (83 reqs/sec) | Rendering: 0.00500 (41%) | DB: 0.00300 (24%) | 200 OK [http://localhost/admin/show/1]


Processing AdminController#list (for 127.0.0.1 at 2006-05-28 11:18:42) [GET]
  Session ID: 9b117c9443cc3d869f3f19f35b1ac666
  Parameters: {"action"=>"list", "controller"=>"admin"}
  [4;36;1mBookinfo Columns (0.004000)[0m   [0;1mSHOW FIELDS FROM bookinfos[0m
  [4;35;1mSQL (0.001000)[0m   [0mSELECT count(*) AS count_all FROM bookinfos [0m
  [4;36;1mBookinfo Load (0.001000)[0m   [0;1mSELECT * FROM bookinfos LIMIT 0, 10[0m
Rendering  within layouts/admin
Rendering admin/list
Completed in 0.01600 (62 reqs/sec) | Rendering: 0.00500 (31%) | DB: 0.00600 (37%) | 200 OK [http://localhost/admin/list]


Processing AdminController#new (for 127.0.0.1 at 2006-05-28 11:19:11) [GET]
  Session ID: 9b117c9443cc3d869f3f19f35b1ac666
  Parameters: {"action"=>"new", "controller"=>"admin"}
  [4;35;1mBookinfo Columns (0.001000)[0m   [0mSHOW FIELDS FROM bookinfos[0m
Rendering  within layouts/admin
Rendering admin/new
Rendered admin/_form (0.01100)
Completed in 0.01900 (52 reqs/sec) | Rendering: 0.01400 (73%) | DB: 0.00100 (5%) | 200 OK [http://localhost/admin/new]
